<?xml version="1.0" encoding="UTF-8"?>
<!-- Generated by org.testng.reporters.JUnitReportReporter -->
<testsuite skipped="0" hostname="atupadhy-WX-1" name="com.Selenium.DeleteAndGetCookies" tests="1" failures="0" timestamp="12 Aug 2019 03:27:18 GMT" time="9.027" errors="0">
  <testcase name="deleteCookies" time="9.027" classname="com.Selenium.DeleteAndGetCookies"/>
</testsuite> <!-- com.Selenium.DeleteAndGetCookies -->
