<?xml version="1.0" encoding="UTF-8"?>
<!-- Generated by org.testng.reporters.JUnitReportReporter -->
<testsuite skipped="0" hostname="atupadhy-WX-1" name="com.Selenium.PrintAllAnchorTag" tests="1" failures="0" timestamp="11 Aug 2019 07:21:21 GMT" time="18.990" errors="0">
  <testcase name="printAnchorTag" time="18.990" classname="com.Selenium.PrintAllAnchorTag"/>
</testsuite> <!-- com.Selenium.PrintAllAnchorTag -->
