<?xml version="1.0" encoding="UTF-8"?>
<!-- Generated by org.testng.reporters.JUnitReportReporter -->
<testsuite skipped="0" hostname="atupadhy-WX-1" name="com.Selenium.ZoomInZoomOut" tests="1" failures="0" timestamp="12 Aug 2019 03:14:33 GMT" time="13.290" errors="0">
  <testcase name="zoomInAndZoomOut" time="13.290" classname="com.Selenium.ZoomInZoomOut"/>
</testsuite> <!-- com.Selenium.ZoomInZoomOut -->
