<?xml version="1.0" encoding="UTF-8"?>
<!-- Generated by org.testng.reporters.JUnitReportReporter -->
<testsuite skipped="0" hostname="atupadhy-WX-1" name="com.Selenium.HandleMultipleWindows" tests="1" failures="0" timestamp="12 Aug 2019 03:15:27 GMT" time="18.435" errors="0">
  <testcase name="enterDataInSelectBox" time="18.435" classname="com.Selenium.HandleMultipleWindows"/>
</testsuite> <!-- com.Selenium.HandleMultipleWindows -->
