<?xml version="1.0" encoding="UTF-8"?>
<!-- Generated by org.testng.reporters.JUnitReportReporter -->
<testsuite skipped="0" hostname="atupadhy-WX-1" name="com.Selenium.EnterDataInSelectBox" tests="1" failures="0" timestamp="02 Aug 2019 02:44:41 GMT" time="7.362" errors="0">
  <testcase name="enterDataInTextField" time="7.362" classname="com.Selenium.EnterDataInSelectBox"/>
</testsuite> <!-- com.Selenium.EnterDataInSelectBox -->
