<?xml version="1.0" encoding="UTF-8"?>
<!-- Generated by org.testng.reporters.JUnitReportReporter -->
<testsuite skipped="0" hostname="atupadhy-WX-1" name="com.Selenium.VerifyRadioButtonChecked" tests="1" failures="0" timestamp="13 Aug 2019 03:20:47 GMT" time="8.937" errors="0">
  <testcase name="isRadioButtonChecked" time="8.937" classname="com.Selenium.VerifyRadioButtonChecked"/>
</testsuite> <!-- com.Selenium.VerifyRadioButtonChecked -->
