<?xml version="1.0" encoding="UTF-8"?>
<!-- Generated by org.testng.reporters.JUnitReportReporter -->
<testsuite skipped="0" hostname="atupadhy-WX-1" name="com.Selenium.MouseOverAndClick" tests="1" failures="0" timestamp="02 Aug 2019 03:20:52 GMT" time="11.882" errors="0">
  <testcase name="enterDataInSelectBox" time="11.882" classname="com.Selenium.MouseOverAndClick"/>
</testsuite> <!-- com.Selenium.MouseOverAndClick -->
