<?xml version="1.0" encoding="UTF-8"?>
<!-- Generated by org.testng.reporters.JUnitReportReporter -->
<testsuite skipped="0" hostname="atupadhy-WX-1" name="com.Selenium.JavaScriptExecutorCapabilities" tests="1" failures="0" timestamp="12 Aug 2019 18:18:53 GMT" time="30.600" errors="0">
  <testcase name="executeJS" time="30.600" classname="com.Selenium.JavaScriptExecutorCapabilities"/>
</testsuite> <!-- com.Selenium.JavaScriptExecutorCapabilities -->
