<?xml version="1.0" encoding="UTF-8"?>
<!-- Generated by org.testng.reporters.JUnitReportReporter -->
<testsuite skipped="0" hostname="atupadhy-WX-1" name="com.Selenium.IfrmaeHandler" tests="1" failures="0" timestamp="12 Aug 2019 15:22:04 GMT" time="4.301" errors="0">
  <testcase name="handleIframe" time="4.301" classname="com.Selenium.IfrmaeHandler"/>
</testsuite> <!-- com.Selenium.IfrmaeHandler -->
