<?xml version="1.0" encoding="UTF-8"?>
<!-- Generated by org.testng.reporters.JUnitReportReporter -->
<testsuite skipped="0" hostname="atupadhy-WX-1" name="com.Selenium.HandlingAlertsAndJSAlert" tests="1" failures="0" timestamp="12 Aug 2019 15:44:24 GMT" time="5.812" errors="0">
  <testcase name="handleJSAlert" time="5.812" classname="com.Selenium.HandlingAlertsAndJSAlert"/>
</testsuite> <!-- com.Selenium.HandlingAlertsAndJSAlert -->
