<?xml version="1.0" encoding="UTF-8"?>
<!-- Generated by org.testng.reporters.JUnitReportReporter -->
<testsuite skipped="0" hostname="atupadhy-WX-1" name="com.Selenium.HandleCalenderTextBoxSelectBox" tests="1" failures="0" timestamp="10 Aug 2019 06:28:04 GMT" time="18.497" errors="0">
  <testcase name="enterDateInCalender" time="18.497" classname="com.Selenium.HandleCalenderTextBoxSelectBox"/>
</testsuite> <!-- com.Selenium.HandleCalenderTextBoxSelectBox -->
