<?xml version="1.0" encoding="UTF-8"?>
<!-- Generated by org.testng.reporters.JUnitReportReporter -->
<testsuite skipped="0" hostname="atupadhy-WX-1" name="com.Selenium.DataFromWebTable" tests="2" failures="0" timestamp="11 Aug 2019 07:16:34 GMT" time="67.642" errors="0">
  <testcase name="countRowsAndColumn" time="7.102" classname="com.Selenium.DataFromWebTable"/>
  <testcase name="printDataOfWebTable" time="60.540" classname="com.Selenium.DataFromWebTable"/>
</testsuite> <!-- com.Selenium.DataFromWebTable -->
