<?xml version="1.0" encoding="UTF-8"?>
<!-- Generated by org.testng.reporters.JUnitReportReporter -->
<testsuite skipped="0" hostname="atupadhy-WX-1" name="com.Selenium.KeyboardsAction" tests="2" failures="0" timestamp="13 Aug 2019 03:54:32 GMT" time="16.972" errors="0">
  <testcase name="enteringDataInCapsViaKeyBoard" time="9.353" classname="com.Selenium.KeyboardsAction"/>
  <testcase name="openingLinkInNewTab" time="7.619" classname="com.Selenium.KeyboardsAction"/>
</testsuite> <!-- com.Selenium.KeyboardsAction -->
